c:\users\user\desktop\mbks_1\mbks_1\x64\debug\moc_dialog.obj
c:\users\user\desktop\mbks_1\mbks_1\debug\moc_dialog.asm
c:\users\user\desktop\mbks_1\mbks_1\x64\debug\moc_mainwindow.obj
c:\users\user\desktop\mbks_1\mbks_1\debug\moc_mainwindow.asm
c:\users\user\desktop\mbks_1\mbks_1\x64\debug\moc_privileges.obj
c:\users\user\desktop\mbks_1\mbks_1\debug\moc_privileges.asm
c:\users\user\desktop\mbks_1\mbks_1\x64\debug\moc_module.obj
c:\users\user\desktop\mbks_1\mbks_1\debug\moc_module.asm
c:\users\user\desktop\mbks_1\mbks_1\x64\debug\dialog.obj
c:\users\user\desktop\mbks_1\mbks_1\x64\debug\module.obj
c:\users\user\desktop\mbks_1\mbks_1\x64\debug\privileges.obj
c:\users\user\desktop\mbks_1\mbks_1\x64\debug\main.obj
c:\users\user\desktop\mbks_1\mbks_1\x64\debug\mainwindow.obj
c:\users\user\desktop\mbks_1\mbks_1\x64\debug\vc141.pdb
c:\users\user\desktop\mbks_1\mbks_1\debug\moc_predefs.h
c:\users\user\desktop\mbks_1\mbks_1\ui_dialog.h
c:\users\user\desktop\mbks_1\mbks_1\ui_integrity.h
c:\users\user\desktop\mbks_1\mbks_1\ui_mainwindow.h
c:\users\user\desktop\mbks_1\mbks_1\ui_module.h
c:\users\user\desktop\mbks_1\mbks_1\ui_privileges.h
c:\users\user\desktop\mbks_1\mbks_1\debug\moc_dialog.cpp
c:\users\user\desktop\mbks_1\mbks_1\debug\moc_mainwindow.cpp
c:\users\user\desktop\mbks_1\mbks_1\debug\moc_module.cpp
c:\users\user\desktop\mbks_1\mbks_1\debug\moc_privileges.cpp
c:\users\user\desktop\mbks_1\mbks_1\.\ui_integrity.h
c:\users\user\desktop\mbks_1\mbks_1\x64\debug\mbks_1.tlog\cl.command.1.tlog
c:\users\user\desktop\mbks_1\mbks_1\x64\debug\mbks_1.tlog\cl.read.1.tlog
c:\users\user\desktop\mbks_1\mbks_1\x64\debug\mbks_1.tlog\cl.write.1.tlog
c:\users\user\desktop\mbks_1\mbks_1\x64\debug\mbks_1.tlog\custombuild.command.1.tlog
c:\users\user\desktop\mbks_1\mbks_1\x64\debug\mbks_1.tlog\custombuild.read.1.tlog
c:\users\user\desktop\mbks_1\mbks_1\x64\debug\mbks_1.tlog\custombuild.write.1.tlog
c:\users\user\desktop\mbks_1\mbks_1\x64\debug\mbks_1.tlog\link.11412-cvtres.read.1.tlog
c:\users\user\desktop\mbks_1\mbks_1\x64\debug\mbks_1.tlog\link.11412-cvtres.write.1.tlog
c:\users\user\desktop\mbks_1\mbks_1\x64\debug\mbks_1.tlog\link.11412-rc.read.1.tlog
c:\users\user\desktop\mbks_1\mbks_1\x64\debug\mbks_1.tlog\link.11412-rc.write.1.tlog
c:\users\user\desktop\mbks_1\mbks_1\x64\debug\mbks_1.tlog\link.11412.read.1.tlog
c:\users\user\desktop\mbks_1\mbks_1\x64\debug\mbks_1.tlog\link.11412.write.1.tlog
c:\users\user\desktop\mbks_1\mbks_1\x64\debug\mbks_1.tlog\link.command.1.tlog
c:\users\user\desktop\mbks_1\mbks_1\x64\debug\mbks_1.tlog\link.read.1.tlog
c:\users\user\desktop\mbks_1\mbks_1\x64\debug\mbks_1.tlog\link.write.1.tlog
c:\users\user\desktop\mbks_1\mbks_1\x64\debug\mbks_1.tlog\mbks_1.write.1u.tlog
c:\users\user\desktop\mbks_1\mbks_1\x64\debug\mbks_1.tlog\moc.read.1u.tlog
c:\users\user\desktop\mbks_1\mbks_1\x64\debug\mbks_1.tlog\moc.write.1u.tlog
c:\users\user\desktop\mbks_1\mbks_1\x64\debug\mbks_1.tlog\uic.read.1u.tlog
c:\users\user\desktop\mbks_1\mbks_1\x64\debug\mbks_1.tlog\uic.write.1u.tlog
